#-----------------------------------------------------------
# Vivado v2018.3 (64-bit)
# SW Build 2405991 on Thu Dec  6 23:38:27 MST 2018
# IP Build 2404404 on Fri Dec  7 01:43:56 MST 2018
# Start of session at: Tue Apr 23 03:22:11 2019
# Process ID: 7380
# Current directory: C:/Users/patre/FPGA/keyboardDecoder/keyboardDecoder.sim/sim_1/behav/xsim
# Command line: vivado.exe -gui_launcher_event rodinguilauncherevent11824 C:\Users\patre\FPGA\keyboardDecoder\keyboardDecoder.sim\sim_1\behav\xsim\keyboard_tb_behav.wdb
# Log file: C:/Users/patre/FPGA/keyboardDecoder/keyboardDecoder.sim/sim_1/behav/xsim/vivado.log
# Journal file: C:/Users/patre/FPGA/keyboardDecoder/keyboardDecoder.sim/sim_1/behav/xsim\vivado.jou
#-----------------------------------------------------------
start_gui
open_wave_database {C:\Users\patre\FPGA\keyboardDecoder\keyboardDecoder.sim\sim_1\behav\xsim\keyboard_tb_behav.wdb}
INFO: [IP_Flow 19-234] Refreshing IP repositories
INFO: [IP_Flow 19-1704] No user IP repositories specified
INFO: [IP_Flow 19-2313] Loaded Vivado IP repository 'C:/Xilinx/Vivado/2018.3/data/ip'.
open_wave_database: Time (s): cpu = 00:00:13 ; elapsed = 00:00:06 . Memory (MB): peak = 674.621 ; gain = 82.652
close_sim
INFO: [Simtcl 6-16] Simulation closed
exit
INFO: [Common 17-206] Exiting Vivado at Tue Apr 23 03:23:01 2019...
